<?xml version="1.0" encoding="UTF-8"?>
<!-- Generated by org.testng.reporters.JUnitXMLReporter -->
<testsuite hostname="W0472501MSMXT" name="Test" tests="2" failures="1" timestamp="1 Jan 2020 11:55:19 GMT" time="19.837" errors="0">
  <testcase name="runCukes" time="0.309" classname="runner.SearchManyFeature">
    <failure type="cucumber.runtime.CucumberException" message="java.io.IOException: Failed to create directory C:\Users\Manish_Katepallewar\eclipse-workspace\CucumberBDD_TestNG\target\RunCuke">
      <![CDATA[cucumber.runtime.CucumberException: java.io.IOException: Failed to create directory C:\Users\Manish_Katepallewar\eclipse-workspace\CucumberBDD_TestNG\target\RunCuke
	at cucumber.runtime.formatter.PluginFactory.create(PluginFactory.java:89)
	at cucumber.runtime.RuntimeOptions.getPlugins(RuntimeOptions.java:241)
	at cucumber.runtime.RuntimeOptions$1.invoke(RuntimeOptions.java:287)
	at com.sun.proxy.$Proxy14.uri(Unknown Source)
	at cucumber.runtime.model.CucumberFeature.run(CucumberFeature.java:160)
	at cucumber.api.testng.TestNGCucumberRunner.runCukes(TestNGCucumberRunner.java:50)
	at runner.SearchManyFeature.runCukes(SearchManyFeature.java:50)
	at java.util.concurrent.ThreadPoolExecutor.runWorker(ThreadPoolExecutor.java:1149)
	at java.util.concurrent.ThreadPoolExecutor$Worker.run(ThreadPoolExecutor.java:624)
	at java.lang.Thread.run(Thread.java:748)
Caused by: java.io.IOException: Failed to create directory C:\Users\Manish_Katepallewar\eclipse-workspace\CucumberBDD_TestNG\target\RunCuke
	at cucumber.runtime.io.URLOutputStream.ensureParentDirExists(URLOutputStream.java:53)
	at cucumber.runtime.io.URLOutputStream.<init>(URLOutputStream.java:33)
	at cucumber.runtime.io.URLOutputStream.<init>(URLOutputStream.java:24)
	at cucumber.runtime.formatter.PluginFactory.convertOrNull(PluginFactory.java:142)
	at cucumber.runtime.formatter.PluginFactory.instantiate(PluginFactory.java:99)
	at cucumber.runtime.formatter.PluginFactory.create(PluginFactory.java:87)
	... 19 more
... Removed 10 stack frames]]>
    </failure>
  </testcase> <!-- runCukes -->
  <testcase name="runCuckes" time="19.606" classname="runner.SearchOutlineFeature"/>
</testsuite> <!-- Test -->
