<?xml version="1.0" encoding="UTF-8"?>
<testng-results skipped="0" failed="1" total="2" passed="1">
  <reporter-output>
  </reporter-output>
  <suite name="Suite" duration-ms="19837" started-at="2020-01-01T11:54:59Z" finished-at="2020-01-01T11:55:18Z">
    <groups>
    </groups>
    <test name="Test" duration-ms="19837" started-at="2020-01-01T11:54:59Z" finished-at="2020-01-01T11:55:18Z">
      <class name="runner.SearchManyFeature">
        <test-method status="PASS" signature="setup()[pri:0, instance:runner.SearchManyFeature@1c72da34]" name="setup" is-config="true" duration-ms="221" started-at="2020-01-01T17:24:59Z" finished-at="2020-01-01T17:24:59Z">
          <reporter-output>
          </reporter-output>
        </test-method> <!-- setup -->
        <test-method status="FAIL" signature="runCukes()[pri:0, instance:runner.SearchManyFeature@1c72da34]" name="runCukes" duration-ms="309" started-at="2020-01-01T17:24:59Z" finished-at="2020-01-01T17:24:59Z">
          <exception class="cucumber.runtime.CucumberException">
            <message>
              <![CDATA[java.io.IOException: Failed to create directory C:\Users\Manish_Katepallewar\eclipse-workspace\CucumberBDD_TestNG\target\RunCuke]]>
            </message>
            <full-stacktrace>
              <![CDATA[cucumber.runtime.CucumberException: java.io.IOException: Failed to create directory C:\Users\Manish_Katepallewar\eclipse-workspace\CucumberBDD_TestNG\target\RunCuke
	at cucumber.runtime.formatter.PluginFactory.create(PluginFactory.java:89)
	at cucumber.runtime.RuntimeOptions.getPlugins(RuntimeOptions.java:241)
	at cucumber.runtime.RuntimeOptions$1.invoke(RuntimeOptions.java:287)
	at com.sun.proxy.$Proxy14.uri(Unknown Source)
	at cucumber.runtime.model.CucumberFeature.run(CucumberFeature.java:160)
	at cucumber.api.testng.TestNGCucumberRunner.runCukes(TestNGCucumberRunner.java:50)
	at runner.SearchManyFeature.runCukes(SearchManyFeature.java:50)
	at sun.reflect.NativeMethodAccessorImpl.invoke0(Native Method)
	at sun.reflect.NativeMethodAccessorImpl.invoke(NativeMethodAccessorImpl.java:62)
	at sun.reflect.DelegatingMethodAccessorImpl.invoke(DelegatingMethodAccessorImpl.java:43)
	at java.lang.reflect.Method.invoke(Method.java:498)
	at org.testng.internal.MethodInvocationHelper.invokeMethod(MethodInvocationHelper.java:86)
	at org.testng.internal.Invoker.invokeMethod(Invoker.java:643)
	at org.testng.internal.Invoker.invokeTestMethod(Invoker.java:820)
	at org.testng.internal.Invoker.invokeTestMethods(Invoker.java:1128)
	at org.testng.internal.TestMethodWorker.invokeTestMethods(TestMethodWorker.java:129)
	at org.testng.internal.TestMethodWorker.run(TestMethodWorker.java:112)
	at java.util.concurrent.ThreadPoolExecutor.runWorker(ThreadPoolExecutor.java:1149)
	at java.util.concurrent.ThreadPoolExecutor$Worker.run(ThreadPoolExecutor.java:624)
	at java.lang.Thread.run(Thread.java:748)
Caused by: java.io.IOException: Failed to create directory C:\Users\Manish_Katepallewar\eclipse-workspace\CucumberBDD_TestNG\target\RunCuke
	at cucumber.runtime.io.URLOutputStream.ensureParentDirExists(URLOutputStream.java:53)
	at cucumber.runtime.io.URLOutputStream.<init>(URLOutputStream.java:33)
	at cucumber.runtime.io.URLOutputStream.<init>(URLOutputStream.java:24)
	at cucumber.runtime.formatter.PluginFactory.convertOrNull(PluginFactory.java:142)
	at cucumber.runtime.formatter.PluginFactory.instantiate(PluginFactory.java:99)
	at cucumber.runtime.formatter.PluginFactory.create(PluginFactory.java:87)
	... 19 more
]]>
            </full-stacktrace>
          </exception> <!-- cucumber.runtime.CucumberException -->
          <reporter-output>
          </reporter-output>
        </test-method> <!-- runCukes -->
      </class> <!-- runner.SearchManyFeature -->
      <class name="runner.SearchOutlineFeature">
        <test-method status="PASS" signature="setup()[pri:0, instance:runner.SearchOutlineFeature@6b0c2d26]" name="setup" is-config="true" duration-ms="221" started-at="2020-01-01T17:24:59Z" finished-at="2020-01-01T17:24:59Z">
          <reporter-output>
          </reporter-output>
        </test-method> <!-- setup -->
        <test-method status="PASS" signature="runCuckes()[pri:0, instance:runner.SearchOutlineFeature@6b0c2d26]" name="runCuckes" duration-ms="19606" started-at="2020-01-01T17:24:59Z" finished-at="2020-01-01T17:25:18Z">
          <reporter-output>
          </reporter-output>
        </test-method> <!-- runCuckes -->
      </class> <!-- runner.SearchOutlineFeature -->
    </test> <!-- Test -->
  </suite> <!-- Suite -->
</testng-results>
